<?xml version="1.0" encoding="UTF-8"?>
<testng-results ignored="0" total="1" passed="1" failed="0" skipped="0">
  <reporter-output>
  </reporter-output>
  <suite started-at="2024-01-05T22:17:27 IST" name="FirstTest" finished-at="2024-01-05T22:17:39 IST" duration-ms="12198">
    <groups>
    </groups>
    <test started-at="2024-01-05T22:17:27 IST" name="Command line test" finished-at="2024-01-05T22:17:39 IST" duration-ms="12198">
      <class name="FirstTest">
        <test-method signature="testUser()[pri:0, instance:FirstTest@351d0846]" started-at="2024-01-05T22:17:27 IST" name="testUser" finished-at="2024-01-05T22:17:39 IST" duration-ms="12088" status="PASS">
          <reporter-output>
          </reporter-output>
        </test-method> <!-- testUser -->
      </class> <!-- FirstTest -->
    </test> <!-- Command line test -->
  </suite> <!-- FirstTest -->
</testng-results>
